<?xml version="1.0" encoding="UTF-8"?>
<testsuite xmlns:xsi="http://www.w3.org/2001/XMLSchema-instance" xsi:noNamespaceSchemaLocation="https://maven.apache.org/surefire/maven-surefire-plugin/xsd/surefire-test-report-3.0.xsd" version="3.0" name="cucumberOptions.TestNGRunner" time="2.19" tests="9" errors="0" skipped="0" failures="2">
  <properties>
[...]
</properties>
  <testcase name="runScenario[&quot;Admin Page Default Login&quot;, &quot;Application Login&quot;](1)" classname="cucumberOptions.TestNGRunner" time="0.123">
    <system-out><![CDATA[
@RegressionTest
Scenario: Admin Page Default Login                         # src/test/java/features/firstProgram.feature:11
*****************************
Setup the entries in database
  Given Setup the entries in database                      # stepDefinitions.MainSteps.setup_the_entries_in_database()
launch the browser from config variables
  When launch the browser from config variables            # stepDefinitions.MainSteps.launch_the_browser_from_config_variables()
hit the home page url of banking site
  And hit the home page url of banking site                # stepDefinitions.MainSteps.hit_the_home_page_url_of_banking_site()
User is on NetBanking landing page
  Given User is on NetBanking landing page                 # stepDefinitions.MainSteps.user_is_on_net_banking_landing_page()
"admin" and the password is "1234"
  When User login into application with "admin" and "1234" # stepDefinitions.MainSteps.user_login_into_application_with_and(java.lang.String,java.lang.String)
Home Page is displayed
  Then Home Page is displayed                              # stepDefinitions.MainSteps.home_page_is_displayed()
Cards are displayed
  And Cards are displayed                                  # stepDefinitions.MainSteps.cards_are_displayed()
Clear the database entries
]]></system-out>
    <system-err><![CDATA[SLF4J: Failed to load class "org.slf4j.impl.StaticLoggerBinder".
SLF4J: Defaulting to no-operation (NOP) logger implementation
SLF4J: See http://www.slf4j.org/codes.html#StaticLoggerBinder for further details.
]]></system-err>
  </testcase>
  <testcase name="runScenario[&quot;User Page Default Login&quot;, &quot;Application Login&quot;](2)" classname="cucumberOptions.TestNGRunner" time="0.017">
    <system-out><![CDATA[
@SmokeTest @RegressionTest
Scenario: User Page Default Login                         # src/test/java/features/firstProgram.feature:20
*****************************
Setup the entries in database
  Given Setup the entries in database                     # stepDefinitions.MainSteps.setup_the_entries_in_database()
launch the browser from config variables
  When launch the browser from config variables           # stepDefinitions.MainSteps.launch_the_browser_from_config_variables()
hit the home page url of banking site
  And hit the home page url of banking site               # stepDefinitions.MainSteps.hit_the_home_page_url_of_banking_site()
User is on NetBanking landing page
  Given User is on NetBanking landing page                # stepDefinitions.MainSteps.user_is_on_net_banking_landing_page()
"user" and the password is "0953"
  When User login into application with "user" and "0953" # stepDefinitions.MainSteps.user_login_into_application_with_and(java.lang.String,java.lang.String)
Home Page is displayed
  Then Home Page is displayed                             # stepDefinitions.MainSteps.home_page_is_displayed()
Cards are displayed
  And Cards are displayed                                 # stepDefinitions.MainSteps.cards_are_displayed()
Clear the database entries
]]></system-out>
  </testcase>
  <testcase name="runScenario[&quot;User Page Default Login&quot;, &quot;Application Login&quot;](3)" classname="cucumberOptions.TestNGRunner" time="0.025">
    <system-out><![CDATA[
@SmokeTest
Scenario Outline: User Page Default Login                    # src/test/java/features/firstProgram.feature:38
*****************************
Setup the entries in database
  Given Setup the entries in database                        # stepDefinitions.MainSteps.setup_the_entries_in_database()
launch the browser from config variables
  When launch the browser from config variables              # stepDefinitions.MainSteps.launch_the_browser_from_config_variables()
hit the home page url of banking site
  And hit the home page url of banking site                  # stepDefinitions.MainSteps.hit_the_home_page_url_of_banking_site()
User is on NetBanking landing page
  Given User is on NetBanking landing page                   # stepDefinitions.MainSteps.user_is_on_net_banking_landing_page()
76789456 and the password is hello32
  When User login into application with 76789456 and hello32 # stepDefinitions.MainSteps.user_login_into_application_with_and(java.lang.String,java.lang.String)
Home Page is displayed
  Then Home Page is displayed                                # stepDefinitions.MainSteps.home_page_is_displayed()
Cards are displayed
  And Cards are displayed                                    # stepDefinitions.MainSteps.cards_are_displayed()
Clear the database entries
]]></system-out>
  </testcase>
  <testcase name="runScenario[&quot;User Page Default Login&quot;, &quot;Application Login&quot;](4)" classname="cucumberOptions.TestNGRunner" time="0.029">
    <system-out><![CDATA[
@SmokeTest
Scenario Outline: User Page Default Login                    # src/test/java/features/firstProgram.feature:39
*****************************
Setup the entries in database
  Given Setup the entries in database                        # stepDefinitions.MainSteps.setup_the_entries_in_database()
launch the browser from config variables
  When launch the browser from config variables              # stepDefinitions.MainSteps.launch_the_browser_from_config_variables()
hit the home page url of banking site
  And hit the home page url of banking site                  # stepDefinitions.MainSteps.hit_the_home_page_url_of_banking_site()
User is on NetBanking landing page
  Given User is on NetBanking landing page                   # stepDefinitions.MainSteps.user_is_on_net_banking_landing_page()
56899346 and the password is mac1234
  When User login into application with 56899346 and mac1234 # stepDefinitions.MainSteps.user_login_into_application_with_and(java.lang.String,java.lang.String)
Home Page is displayed
  Then Home Page is displayed                                # stepDefinitions.MainSteps.home_page_is_displayed()
Cards are displayed
  And Cards are displayed                                    # stepDefinitions.MainSteps.cards_are_displayed()
Clear the database entries
]]></system-out>
  </testcase>
  <testcase name="runScenario[&quot;Users Page Default Sign Up&quot;, &quot;Application Login&quot;](5)" classname="cucumberOptions.TestNGRunner" time="0.072">
    <failure message="expected [true] but found [false]" type="java.lang.AssertionError"><![CDATA[java.lang.AssertionError: expected [true] but found [false]
	at org.testng.Assert.fail(Assert.java:111)
	at org.testng.Assert.failNotEquals(Assert.java:1578)
	at org.testng.Assert.assertTrue(Assert.java:57)
	at org.testng.Assert.assertTrue(Assert.java:67)
	at stepDefinitions.MainSteps.user_is_on_practice_landing_page(MainSteps.java:42)
	at ✽.User is on Practice landing page(file:///C:/Tools2023/EclipsePrjsAut/Automation/src/test/java/features/firstProgram.feature:55)
]]></failure>
    <system-out><![CDATA[
@RegressionTest
Scenario Outline: Users Page Default Sign Up    # src/test/java/features/firstProgram.feature:67
*****************************
Setup the entries in database
  Given Setup the entries in database           # stepDefinitions.MainSteps.setup_the_entries_in_database()
launch the browser from config variables
  When launch the browser from config variables # stepDefinitions.MainSteps.launch_the_browser_from_config_variables()
hit the home page url of banking site
  And hit the home page url of banking site     # stepDefinitions.MainSteps.hit_the_home_page_url_of_banking_site()
User is on Practice landing page
  Given User is on Practice landing page        # stepDefinitions.MainSteps.user_is_on_practice_landing_page()
      java.lang.AssertionError: expected [true] but found [false]
	at org.testng.Assert.fail(Assert.java:111)
	at org.testng.Assert.failNotEquals(Assert.java:1578)
	at org.testng.Assert.assertTrue(Assert.java:57)
	at org.testng.Assert.assertTrue(Assert.java:67)
	at stepDefinitions.MainSteps.user_is_on_practice_landing_page(MainSteps.java:42)
	at âœ½.User is on Practice landing page(file:///C:/Tools2023/EclipsePrjsAut/Automation/src/test/java/features/firstProgram.feature:55)

  When User Signup into application             # stepDefinitions.MainSteps.user_signup_into_application(java.util.List<java.lang.String>)
    | 76789456         |
    | hello32          |
    | email1@gmail.com |
    | 32678888         |
  Then Home Page is displayed                   # stepDefinitions.MainSteps.home_page_is_displayed()
  And Cards are displayed                       # stepDefinitions.MainSteps.cards_are_displayed()
Clear the database entries
]]></system-out>
  </testcase>
  <testcase name="runScenario[&quot;Users Page Default Sign Up&quot;, &quot;Application Login&quot;](6)" classname="cucumberOptions.TestNGRunner" time="0.02">
    <failure message="expected [true] but found [false]" type="java.lang.AssertionError"><![CDATA[java.lang.AssertionError: expected [true] but found [false]
	at org.testng.Assert.fail(Assert.java:111)
	at org.testng.Assert.failNotEquals(Assert.java:1578)
	at org.testng.Assert.assertTrue(Assert.java:57)
	at org.testng.Assert.assertTrue(Assert.java:67)
	at stepDefinitions.MainSteps.user_is_on_practice_landing_page(MainSteps.java:42)
	at ✽.User is on Practice landing page(file:///C:/Tools2023/EclipsePrjsAut/Automation/src/test/java/features/firstProgram.feature:55)
]]></failure>
    <system-out><![CDATA[
@RegressionTest
Scenario Outline: Users Page Default Sign Up    # src/test/java/features/firstProgram.feature:68
*****************************
Setup the entries in database
  Given Setup the entries in database           # stepDefinitions.MainSteps.setup_the_entries_in_database()
launch the browser from config variables
  When launch the browser from config variables # stepDefinitions.MainSteps.launch_the_browser_from_config_variables()
hit the home page url of banking site
  And hit the home page url of banking site     # stepDefinitions.MainSteps.hit_the_home_page_url_of_banking_site()
User is on Practice landing page
  Given User is on Practice landing page        # stepDefinitions.MainSteps.user_is_on_practice_landing_page()
      java.lang.AssertionError: expected [true] but found [false]
	at org.testng.Assert.fail(Assert.java:111)
	at org.testng.Assert.failNotEquals(Assert.java:1578)
	at org.testng.Assert.assertTrue(Assert.java:57)
	at org.testng.Assert.assertTrue(Assert.java:67)
	at stepDefinitions.MainSteps.user_is_on_practice_landing_page(MainSteps.java:42)
	at âœ½.User is on Practice landing page(file:///C:/Tools2023/EclipsePrjsAut/Automation/src/test/java/features/firstProgram.feature:55)

  When User Signup into application             # stepDefinitions.MainSteps.user_signup_into_application(java.util.List<java.lang.String>)
    | 56899346         |
    | mac1234          |
    | email2@gmail.com |
    | 31678999         |
  Then Home Page is displayed                   # stepDefinitions.MainSteps.home_page_is_displayed()
  And Cards are displayed                       # stepDefinitions.MainSteps.cards_are_displayed()
Clear the database entries
]]></system-out>
  </testcase>
  <testcase name="runScenario[&quot;User Page Default Login&quot;, &quot;Application Login&quot;](7)" classname="cucumberOptions.TestNGRunner" time="0.007">
    <system-out><![CDATA[
@SmokeTest @RegressionTest @NetBanking
Scenario: User Page Default Login                         # src/test/java/features/secondProgram.feature:12
----------------------------------------
Setup the entries in NetBanking database
launch the browser from config variables
  When launch the browser from config variables           # stepDefinitions.MainSteps.launch_the_browser_from_config_variables()
hit the home page url of banking site
  And hit the home page url of banking site               # stepDefinitions.MainSteps.hit_the_home_page_url_of_banking_site()
User is on NetBanking landing page
  Given User is on NetBanking landing page                # stepDefinitions.MainSteps.user_is_on_net_banking_landing_page()
"user" and the password is "0953"
  When User login into application with "user" and "0953" # stepDefinitions.MainSteps.user_login_into_application_with_and(java.lang.String,java.lang.String)
Home Page is displayed
  Then Home Page is displayed                             # stepDefinitions.MainSteps.home_page_is_displayed()
Cards are displayed
  And Cards are displayed                                 # stepDefinitions.MainSteps.cards_are_displayed()
Clear the database entries
]]></system-out>
  </testcase>
  <testcase name="runScenario[&quot;User Page Default Login&quot;, &quot;Application Login&quot;](8)" classname="cucumberOptions.TestNGRunner" time="0.034">
    <system-out><![CDATA[
@SmokeTest @Mortage
Scenario Outline: User Page Default Login                    # src/test/java/features/secondProgram.feature:30
&&&&&&&&&&&&&&&&&&&&&&&&&&&&&&&&&&&&&
Setup the entries in Mortage database
launch the browser from config variables
  When launch the browser from config variables              # stepDefinitions.MainSteps.launch_the_browser_from_config_variables()
hit the home page url of banking site
  And hit the home page url of banking site                  # stepDefinitions.MainSteps.hit_the_home_page_url_of_banking_site()
User is on NetBanking landing page
  Given User is on NetBanking landing page                   # stepDefinitions.MainSteps.user_is_on_net_banking_landing_page()
76789456 and the password is hello32
  When User login into application with 76789456 and hello32 # stepDefinitions.MainSteps.user_login_into_application_with_and(java.lang.String,java.lang.String)
Home Page is displayed
  Then Home Page is displayed                                # stepDefinitions.MainSteps.home_page_is_displayed()
Cards are displayed
  And Cards are displayed                                    # stepDefinitions.MainSteps.cards_are_displayed()
Clear the database entries
]]></system-out>
  </testcase>
  <testcase name="runScenario[&quot;User Page Default Login&quot;, &quot;Application Login&quot;](9)" classname="cucumberOptions.TestNGRunner" time="0.012">
    <system-out><![CDATA[
@SmokeTest @Mortage
Scenario Outline: User Page Default Login                    # src/test/java/features/secondProgram.feature:31
&&&&&&&&&&&&&&&&&&&&&&&&&&&&&&&&&&&&&
Setup the entries in Mortage database
launch the browser from config variables
  When launch the browser from config variables              # stepDefinitions.MainSteps.launch_the_browser_from_config_variables()
hit the home page url of banking site
  And hit the home page url of banking site                  # stepDefinitions.MainSteps.hit_the_home_page_url_of_banking_site()
User is on NetBanking landing page
  Given User is on NetBanking landing page                   # stepDefinitions.MainSteps.user_is_on_net_banking_landing_page()
56899346 and the password is mac1234
  When User login into application with 56899346 and mac1234 # stepDefinitions.MainSteps.user_login_into_application_with_and(java.lang.String,java.lang.String)
Home Page is displayed
  Then Home Page is displayed                                # stepDefinitions.MainSteps.home_page_is_displayed()
Cards are displayed
  And Cards are displayed                                    # stepDefinitions.MainSteps.cards_are_displayed()
Clear the database entries
]]></system-out>
  </testcase>
</testsuite>